build/app/intermediates/manifest_merge_blame_file/debug/manifest-merger-blame-debug-report.txt
1<?xml version="1.0" encoding="utf-8"?>
2<manifest xmlns:android="http://schemas.android.com/apk/res/android"
3    package="com.example.splash"
4    android:versionCode="1"
5    android:versionName="1.0.0" >
6
7    <uses-sdk
8        android:minSdkVersion="16"
9        android:targetSdkVersion="28" />
10    <!--
11         Flutter needs it to communicate with the running application
12         to allow setting breakpoints, to provide hot reload, etc.
13    -->
14    <uses-permission android:name="android.permission.INTERNET" />
14-->src/main/AndroidManifest.xml:8:5-66
14-->src/main/AndroidManifest.xml:8:22-64
15    <uses-permission android:name="android.permission.ACCESS_FINE_LOCATION" />
15-->src/main/AndroidManifest.xml:9:5-78
15-->src/main/AndroidManifest.xml:9:22-76
16    <uses-permission android:name="android.permission.CAMERA" />
16-->[:qrscan] AndroidManifest.xml:7:5-65
16-->[:qrscan] AndroidManifest.xml:7:22-62
17    <uses-permission android:name="android.permission.VIBRATE" />
17-->[:qrscan] AndroidManifest.xml:8:5-66
17-->[:qrscan] AndroidManifest.xml:8:22-63
18    <uses-permission android:name="android.permission.FLASHLIGHT" />
18-->[:qrscan] AndroidManifest.xml:9:5-69
18-->[:qrscan] AndroidManifest.xml:9:22-66
19
20    <uses-feature android:name="android.hardware.camera" />
20-->[:qrscan] AndroidManifest.xml:11:5-60
20-->[:qrscan] AndroidManifest.xml:11:19-57
21    <uses-feature android:name="android.hardware.camera.autofocus" />
21-->[:qrscan] AndroidManifest.xml:12:5-70
21-->[:qrscan] AndroidManifest.xml:12:19-67
22
23    <uses-permission android:name="android.permission.WAKE_LOCK" />
23-->[:qrscan] AndroidManifest.xml:14:5-68
23-->[:qrscan] AndroidManifest.xml:14:22-65
24    <uses-permission android:name="android.permission.READ_EXTERNAL_STORAGE" />
24-->[:qrscan] AndroidManifest.xml:15:5-80
24-->[:qrscan] AndroidManifest.xml:15:22-77
25    <uses-permission android:name="android.permission.WRITE_EXTERNAL_STORAGE" />
25-->[:qrscan] AndroidManifest.xml:16:5-81
25-->[:qrscan] AndroidManifest.xml:16:22-78
26
27    <application
27-->src/main/AndroidManifest.xml:11:5-33:19
28        android:name="io.flutter.app.FlutterApplication"
28-->src/main/AndroidManifest.xml:12:9-57
29        android:allowBackup="true"
29-->[:qrscan] AndroidManifest.xml:20:9-35
30        android:appComponentFactory="androidx.core.app.CoreComponentFactory"
30-->[androidx.core:core:1.1.0] AndroidManifest.xml:24:18-86
31        android:configChanges="orientation|keyboardHidden"
31-->[:qrscan] AndroidManifest.xml:21:9-59
32        android:debuggable="true"
33        android:icon="@mipmap/ic_launcher"
33-->src/main/AndroidManifest.xml:14:9-43
34        android:label="splash"
34-->src/main/AndroidManifest.xml:13:9-31
35        android:screenOrientation="portrait"
35-->[:qrscan] AndroidManifest.xml:23:9-45
36        android:supportsRtl="true"
36-->[:qrscan] AndroidManifest.xml:24:9-35
37        android:theme="@style/Theme.AppCompat.NoActionBar"
37-->[:qrscan] AndroidManifest.xml:25:9-59
38        android:windowSoftInputMode="stateAlwaysHidden" >
38-->[:qrscan] AndroidManifest.xml:26:9-56
39        <activity
39-->src/main/AndroidManifest.xml:16:9-27:20
40            android:name="com.example.splash.MainActivity"
40-->src/main/AndroidManifest.xml:17:13-41
41            android:configChanges="orientation|keyboardHidden|keyboard|screenSize|smallestScreenSize|locale|layoutDirection|fontScale|screenLayout|density|uiMode"
41-->src/main/AndroidManifest.xml:20:13-163
42            android:hardwareAccelerated="true"
42-->src/main/AndroidManifest.xml:21:13-47
43            android:launchMode="singleTop"
43-->src/main/AndroidManifest.xml:18:13-43
44            android:theme="@style/LaunchTheme"
44-->src/main/AndroidManifest.xml:19:13-47
45            android:windowSoftInputMode="adjustResize" >
45-->src/main/AndroidManifest.xml:22:13-55
46            <intent-filter>
46-->src/main/AndroidManifest.xml:23:13-26:29
47                <action android:name="android.intent.action.MAIN" />
47-->src/main/AndroidManifest.xml:24:17-68
47-->src/main/AndroidManifest.xml:24:25-66
48
49                <category android:name="android.intent.category.LAUNCHER" />
49-->src/main/AndroidManifest.xml:25:17-76
49-->src/main/AndroidManifest.xml:25:27-74
50            </intent-filter>
51        </activity>
52        <!--
53             Don't delete the meta-data below.
54             This is used by the Flutter tool to generate GeneratedPluginRegistrant.java
55        -->
56        <meta-data
56-->src/main/AndroidManifest.xml:30:9-32:33
57            android:name="flutterEmbedding"
57-->src/main/AndroidManifest.xml:31:13-44
58            android:value="2" />
58-->src/main/AndroidManifest.xml:32:13-30
59
60        <activity android:name="com.shinow.qrscan.SecondActivity" />
60-->[:qrscan] AndroidManifest.xml:27:9-69
60-->[:qrscan] AndroidManifest.xml:27:19-66
61        <activity
61-->[com.github.leyan95:android-zxingLibrary:0.1.2-PRE] AndroidManifest.xml:14:9-19:63
62            android:name="com.uuzuche.lib_zxing.activity.CaptureActivity"
62-->[com.github.leyan95:android-zxingLibrary:0.1.2-PRE] AndroidManifest.xml:15:13-74
63            android:configChanges="orientation|keyboardHidden"
63-->[com.github.leyan95:android-zxingLibrary:0.1.2-PRE] AndroidManifest.xml:16:13-63
64            android:screenOrientation="portrait"
64-->[com.github.leyan95:android-zxingLibrary:0.1.2-PRE] AndroidManifest.xml:17:13-49
65            android:theme="@style/Theme.AppCompat.NoActionBar"
65-->[com.github.leyan95:android-zxingLibrary:0.1.2-PRE] AndroidManifest.xml:18:13-63
66            android:windowSoftInputMode="stateAlwaysHidden" />
66-->[com.github.leyan95:android-zxingLibrary:0.1.2-PRE] AndroidManifest.xml:19:13-60
67
68        <provider
68-->[com.squareup.picasso:picasso:2.71828] AndroidManifest.xml:8:9-11:40
69            android:name="com.squareup.picasso.PicassoProvider"
69-->[com.squareup.picasso:picasso:2.71828] AndroidManifest.xml:9:13-64
70            android:authorities="com.example.splash.com.squareup.picasso"
70-->[com.squareup.picasso:picasso:2.71828] AndroidManifest.xml:10:13-72
71            android:exported="false" />
71-->[com.squareup.picasso:picasso:2.71828] AndroidManifest.xml:11:13-37
72    </application>
73
74</manifest>